app/build/intermediates/manifest_merge_blame_file/debug/manifest-merger-blame-debug-report.txt
1<?xml version="1.0" encoding="utf-8"?>
2<manifest xmlns:android="http://schemas.android.com/apk/res/android"
3    package="com.wildan.febriapps"
4    android:versionCode="1"
5    android:versionName="1.0" >
6
7    <uses-sdk
8        android:minSdkVersion="21"
8-->src\main\AndroidManifest.xml
9        android:targetSdkVersion="30" />
9-->src\main\AndroidManifest.xml
10
11    <application
11-->src\main\AndroidManifest.xml:5:5-28:19
12        android:allowBackup="true"
12-->src\main\AndroidManifest.xml:6:9-35
13        android:appComponentFactory="androidx.core.app.CoreComponentFactory"
13-->[androidx.core:core:1.3.2] AndroidManifest.xml:24:18-86
14        android:debuggable="true"
15        android:icon="@mipmap/ic_launcher"
15-->src\main\AndroidManifest.xml:7:9-43
16        android:label="@string/app_name"
16-->src\main\AndroidManifest.xml:8:9-41
17        android:roundIcon="@mipmap/ic_launcher_round"
17-->src\main\AndroidManifest.xml:9:9-54
18        android:supportsRtl="true"
18-->src\main\AndroidManifest.xml:10:9-35
19        android:testOnly="true"
20        android:theme="@style/Theme.FebriApps" >
20-->src\main\AndroidManifest.xml:11:9-47
21        <activity
21-->src\main\AndroidManifest.xml:12:9-18:20
22            android:name="com.wildan.febriapps.WelcomeActivity"
22-->src\main\AndroidManifest.xml:12:19-50
23            android:theme="@style/Theme.AppCompat.NoActionBar" >
23-->src\main\AndroidManifest.xml:12:51-101
24            <intent-filter>
24-->src\main\AndroidManifest.xml:13:13-17:29
25                <action android:name="android.intent.action.MAIN" />
25-->src\main\AndroidManifest.xml:14:17-69
25-->src\main\AndroidManifest.xml:14:25-66
26
27                <category android:name="android.intent.category.LAUNCHER" />
27-->src\main\AndroidManifest.xml:16:17-77
27-->src\main\AndroidManifest.xml:16:27-74
28            </intent-filter>
29        </activity>
30        <activity
30-->src\main\AndroidManifest.xml:19:9-101
31            android:name="com.wildan.febriapps.LoginActivity"
31-->src\main\AndroidManifest.xml:19:19-48
32            android:theme="@style/Theme.AppCompat.NoActionBar" />
32-->src\main\AndroidManifest.xml:19:49-99
33        <activity
33-->src\main\AndroidManifest.xml:20:9-104
34            android:name="com.wildan.febriapps.RegisterActivity"
34-->src\main\AndroidManifest.xml:20:19-51
35            android:theme="@style/Theme.AppCompat.NoActionBar" />
35-->src\main\AndroidManifest.xml:20:52-102
36        <activity
36-->src\main\AndroidManifest.xml:21:9-23:20
37            android:name="com.wildan.febriapps.MainActivity"
37-->src\main\AndroidManifest.xml:21:19-47
38            android:theme="@style/Theme.AppCompat.NoActionBar" >
38-->src\main\AndroidManifest.xml:21:48-98
39        </activity>
40
41        <meta-data
41-->src\main\AndroidManifest.xml:25:9-27:57
42            android:name="preloaded_fonts"
42-->src\main\AndroidManifest.xml:26:13-43
43            android:resource="@array/preloaded_fonts" />
43-->src\main\AndroidManifest.xml:27:13-54
44    </application>
45
46</manifest>